<?xml version="1.0" encoding="UTF-8"?>
<!-- Generated by org.testng.reporters.JUnitXMLReporter -->
<testsuite ignored="0" hostname="DESKTOP-A05J097" failures="2" tests="2" name="nopCommerce" time="0.076" errors="0" timestamp="22 Oct 2025 16:27:06 GMT">
  <testcase classname="pru.spt.test.EclientAppTest" name="validateEclientAppTest_01" time="0.01">
    <failure type="org.testng.internal.reflect.MethodMatcherException" message="
Data provider mismatch
Method: validateEclientAppTest_01([Parameter{index=0, type=java.lang.String, declaredAnnotations=[]}, Parameter{index=1, type=java.lang.String, declaredAnnotations=[]}])
Arguments: [(java.lang.String)chrome,(java.lang.String)test.json,(java.lang.String)QA,(java.lang.String)someProperties]">
      <![CDATA[org.testng.internal.reflect.MethodMatcherException: 
Data provider mismatch
Method: validateEclientAppTest_01([Parameter{index=0, type=java.lang.String, declaredAnnotations=[]}, Parameter{index=1, type=java.lang.String, declaredAnnotations=[]}])
Arguments: [(java.lang.String)chrome,(java.lang.String)test.json,(java.lang.String)QA,(java.lang.String)someProperties]
	at java.base/java.util.concurrent.ThreadPoolExecutor.runWorker(ThreadPoolExecutor.java:1095)
	at java.base/java.util.concurrent.ThreadPoolExecutor$Worker.run(ThreadPoolExecutor.java:619)
	at java.base/java.lang.Thread.run(Thread.java:1447)
... Removed 5 stack frames]]>
    </failure>
  </testcase> <!-- validateEclientAppTest_01 -->
  <testcase classname="pru.spt.test.EclientAppTest" name="validateEclientAppTest_02" time="0.001">
    <failure type="org.testng.internal.reflect.MethodMatcherException" message="
Data provider mismatch
Method: validateEclientAppTest_02([Parameter{index=0, type=java.lang.String, declaredAnnotations=[]}, Parameter{index=1, type=java.lang.String, declaredAnnotations=[]}])
Arguments: [(java.lang.String)chrome,(java.lang.String)test.json,(java.lang.String)QA,(java.lang.String)someProperties]">
      <![CDATA[org.testng.internal.reflect.MethodMatcherException: 
Data provider mismatch
Method: validateEclientAppTest_02([Parameter{index=0, type=java.lang.String, declaredAnnotations=[]}, Parameter{index=1, type=java.lang.String, declaredAnnotations=[]}])
Arguments: [(java.lang.String)chrome,(java.lang.String)test.json,(java.lang.String)QA,(java.lang.String)someProperties]
	at java.base/java.util.concurrent.ThreadPoolExecutor.runWorker(ThreadPoolExecutor.java:1095)
	at java.base/java.util.concurrent.ThreadPoolExecutor$Worker.run(ThreadPoolExecutor.java:619)
	at java.base/java.lang.Thread.run(Thread.java:1447)
... Removed 5 stack frames]]>
    </failure>
  </testcase> <!-- validateEclientAppTest_02 -->
</testsuite> <!-- nopCommerce -->
